app/build/outputs/mapping/release/configuration.txt
# The proguard configuration file for the following section is Android Gradle plugin 9.3.1 (extracted file: C:\Users\luizb\Documents\Codex\2026-07-25\q\outputs\AndroidStudioGame\app\build\intermediates\default_proguard_files\global\proguard-android-optimize.txt-9.3.1)
# This is a configuration file for ProGuard.
# http://proguard.sourceforge.net/index.html#manual/usage.html
#
# Starting with version 2.2 of the Android plugin for Gradle, this file is distributed together with
# the plugin and unpacked at build-time. The files in $ANDROID_HOME are no longer maintained and
# will be ignored by new version of the Android plugin for Gradle.

# Optimizations: If you don't want to optimize, use the proguard-android.txt configuration file
# instead of this one, which turns off the optimization flags.
-allowaccessmodification

# Preserve some attributes that may be required for reflection.
-keepattributes AnnotationDefault,
                EnclosingMethod,
                InnerClasses,
                RuntimeVisibleAnnotations,
                RuntimeVisibleParameterAnnotations,
                RuntimeVisibleTypeAnnotations,
                Signature

-keep public class com.google.vending.licensing.ILicensingService
-keep public class com.android.vending.licensing.ILicensingService
-keep public class com.google.android.vending.licensing.ILicensingService
-dontnote com.android.vending.licensing.ILicensingService
-dontnote com.google.vending.licensing.ILicensingService
-dontnote com.google.android.vending.licensing.ILicensingService

# For native methods, see https://www.guardsquare.com/manual/configuration/examples#native
-keepclasseswithmembernames,includedescriptorclasses class * {
    native <methods>;
}

# Keep setters in Views so that animations can still work.
-keepclassmembers public class * extends android.view.View {
    void set*(***);
    *** get*();
}

# We want to keep methods in Activity that could be used in the XML attribute onClick.
-keepclassmembers class * extends android.app.Activity {
    public void *(android.view.View);
}

# For enumeration classes, see https://www.guardsquare.com/manual/configuration/examples#enumerations
-keepclassmembers enum * {
    public static **[] values();
    public static ** valueOf(java.lang.String);
}

-keepclassmembers class * implements android.os.Parcelable {
    public static final ** CREATOR;
}

# Preserve annotated Javascript interface methods.
-keepclassmembers class * {
    @android.webkit.JavascriptInterface <methods>;
}

# The support libraries contains references to newer platform versions.
# Don't warn about those in case this app is linking against an older
# platform version. We know about them, and they are safe.
-dontnote android.support.**
-dontnote androidx.**
-dontwarn android.support.**
-dontwarn androidx.**

# Understand the @Keep support annotation.
-keep class android.support.annotation.Keep

-keep @android.support.annotation.Keep class * {*;}

-keepclasseswithmembers class * {
    @android.support.annotation.Keep <methods>;
}

-keepclasseswithmembers class * {
    @android.support.annotation.Keep <fields>;
}

-keepclasseswithmembers class * {
    @android.support.annotation.Keep <init>(...);
}

# These classes are duplicated between android.jar and org.apache.http.legacy.jar.
-dontnote org.apache.http.**
-dontnote android.net.http.**

# These classes are duplicated between android.jar and core-lambda-stubs.jar.
-dontnote java.lang.invoke.**

# End of content from Android Gradle plugin 9.3.1 (extracted file: C:\Users\luizb\Documents\Codex\2026-07-25\q\outputs\AndroidStudioGame\app\build\intermediates\default_proguard_files\global\proguard-android-optimize.txt-9.3.1)
# The proguard configuration file for the following section is AndroidStudioGame\app\proguard-rules.pro
# Add project specific ProGuard rules here.
# By default, the flags in this file are appended to flags specified
# in C:\Users\luizb\AppData\Local\Android\sdk/tools/proguard/proguard-android.txt
# You can edit the include path and order by changing the proguardFiles
# directive in build.gradle.

# For more details, see
#   http://developer.android.com/guide/developing/tools/proguard.html

# Add any custom rules here that might be needed for your game

# End of content from AndroidStudioGame\app\proguard-rules.pro
# The proguard configuration file for the following section is androidx.appcompat:appcompat:1.7.0 (extracted file: C:\Users\luizb\.gradle\caches\9.5.0\transforms\b6abe66e7a97c465d8dabfa558e18974\transformed\appcompat-1.7.0\proguard.txt)
# Copyright (C) 2018 The Android Open Source Project
#
# Licensed under the Apache License, Version 2.0 (the "License");
# you may not use this file except in compliance with the License.
# You may obtain a copy of the License at
#
#      http://www.apache.org/licenses/LICENSE-2.0
#
# Unless required by applicable law or agreed to in writing, software
# distributed under the License is distributed on an "AS IS" BASIS,
# WITHOUT WARRANTIES OR CONDITIONS OF ANY KIND, either express or implied.
# See the License for the specific language governing permissions and
# limitations under the License.

# Never inline methods, but allow shrinking and obfuscation.
-keepclassmembernames,allowobfuscation,allowshrinking class androidx.appcompat.widget.AppCompatTextViewAutoSizeHelper$Impl* {
  <methods>;
}

# End of content from androidx.appcompat:appcompat:1.7.0 (extracted file: C:\Users\luizb\.gradle\caches\9.5.0\transforms\b6abe66e7a97c465d8dabfa558e18974\transformed\appcompat-1.7.0\proguard.txt)
# The proguard configuration file for the following section is androidx.fragment:fragment:1.5.4 (extracted file: C:\Users\luizb\.gradle\caches\9.5.0\transforms\f9eaa101cf19067645572c052c6d74f1\transformed\fragment-1.5.4\proguard.txt)
# Copyright (C) 2020 The Android Open Source Project
#
# Licensed under the Apache License, Version 2.0 (the "License");
# you may not use this file except in compliance with the License.
# You may obtain a copy of the License at
#
#      http://www.apache.org/licenses/LICENSE-2.0
#
# Unless required by applicable law or agreed to in writing, software
# distributed under the License is distributed on an "AS IS" BASIS,
# WITHOUT WARRANTIES OR CONDITIONS OF ANY KIND, either express or implied.
# See the License for the specific language governing permissions and
# limitations under the License.

# The default FragmentFactory creates Fragment instances using reflection
-if public class ** extends androidx.fragment.app.Fragment
-keepclasseswithmembers,allowobfuscation public class <1> {
    public <init>();
}

# End of content from androidx.fragment:fragment:1.5.4 (extracted file: C:\Users\luizb\.gradle\caches\9.5.0\transforms\f9eaa101cf19067645572c052c6d74f1\transformed\fragment-1.5.4\proguard.txt)
# The proguard configuration file for the following section is androidx.activity:activity:1.13.0 (extracted file: C:\Users\luizb\.gradle\caches\9.5.0\transforms\061228b08aeb6dca1f5f5df8f1f6bfa6\transformed\jetified-activity-1.13.0\proguard.txt)
# Intentionally empty proguard rules to indicate this library is safe to shrink

# End of content from androidx.activity:activity:1.13.0 (extracted file: C:\Users\luizb\.gradle\caches\9.5.0\transforms\061228b08aeb6dca1f5f5df8f1f6bfa6\transformed\jetified-activity-1.13.0\proguard.txt)
# The proguard configuration file for the following section is androidx.activity:activity-ktx:1.13.0 (extracted file: C:\Users\luizb\.gradle\caches\9.5.0\transforms\ff52cb2a079d57434ed4db02c01ea8cd\transformed\jetified-activity-ktx-1.13.0\proguard.txt)
# Intentionally empty proguard rules to indicate this library is safe to shrink

# End of content from androidx.activity:activity-ktx:1.13.0 (extracted file: C:\Users\luizb\.gradle\caches\9.5.0\transforms\ff52cb2a079d57434ed4db02c01ea8cd\transformed\jetified-activity-ktx-1.13.0\proguard.txt)
# The proguard configuration file for the following section is androidx.core:core-ktx:1.18.0 (extracted file: C:\Users\luizb\.gradle\caches\9.5.0\transforms\1ba3f2e8f8cf4d01d11140725917ad3d\transformed\jetified-core-ktx-1.18.0\proguard.txt)
# Intentionally empty proguard rules to indicate this library is safe to shrink

# End of content from androidx.core:core-ktx:1.18.0 (extracted file: C:\Users\luizb\.gradle\caches\9.5.0\transforms\1ba3f2e8f8cf4d01d11140725917ad3d\transformed\jetified-core-ktx-1.18.0\proguard.txt)
# The proguard configuration file for the following section is androidx.vectordrawable:vectordrawable-animated:1.1.0 (extracted file: C:\Users\luizb\.gradle\caches\9.5.0\transforms\c2bfacbe37fc9415643fa6c6083f2f20\transformed\vectordrawable-animated-1.1.0\proguard.txt)
# Copyright (C) 2016 The Android Open Source Project
#
# Licensed under the Apache License, Version 2.0 (the "License");
# you may not use this file except in compliance with the License.
# You may obtain a copy of the License at
#
#      http://www.apache.org/licenses/LICENSE-2.0
#
# Unless required by applicable law or agreed to in writing, software
# distributed under the License is distributed on an "AS IS" BASIS,
# WITHOUT WARRANTIES OR CONDITIONS OF ANY KIND, either express or implied.
# See the License for the specific language governing permissions and
# limitations under the License.

# keep setters in VectorDrawables so that animations can still work.
-keepclassmembers class androidx.vectordrawable.graphics.drawable.VectorDrawableCompat$* {
   void set*(***);
   *** get*();
}

# End of content from androidx.vectordrawable:vectordrawable-animated:1.1.0 (extracted file: C:\Users\luizb\.gradle\caches\9.5.0\transforms\c2bfacbe37fc9415643fa6c6083f2f20\transformed\vectordrawable-animated-1.1.0\proguard.txt)
# The proguard configuration file for the following section is androidx.core:core:1.18.0 (extracted file: C:\Users\luizb\.gradle\caches\9.5.0\transforms\ecd5a2a217576821fd04c4117a0a257a\transformed\core-1.18.0\proguard.txt)
# Never inline methods, but allow shrinking and obfuscation.
-keepclassmembernames,allowobfuscation,allowshrinking class androidx.core.view.ViewCompat$Api* {
  <methods>;
}
-keepclassmembernames,allowobfuscation,allowshrinking class androidx.core.view.WindowInsetsCompat$*Impl* {
  <methods>;
}
-keepclassmembernames,allowobfuscation,allowshrinking class androidx.core.app.NotificationCompat$*$Api*Impl {
  <methods>;
}
-keepclassmembernames,allowobfuscation,allowshrinking class androidx.core.os.UserHandleCompat$Api*Impl {
  <methods>;
}
-keepclassmembernames,allowobfuscation,allowshrinking class androidx.core.widget.EdgeEffectCompat$Api*Impl {
  <methods>;
}

# End of content from androidx.core:core:1.18.0 (extracted file: C:\Users\luizb\.gradle\caches\9.5.0\transforms\ecd5a2a217576821fd04c4117a0a257a\transformed\core-1.18.0\proguard.txt)
# The proguard configuration file for the following section is androidx.lifecycle:lifecycle-viewmodel:2.6.2 (extracted file: C:\Users\luizb\.gradle\caches\9.5.0\transforms\412d58a75f50f61657fe95b91079cb10\transformed\lifecycle-viewmodel-2.6.2\proguard.txt)
-keepclassmembers,allowobfuscation class * extends androidx.lifecycle.ViewModel {
    <init>();
}

-keepclassmembers,allowobfuscation class * extends androidx.lifecycle.AndroidViewModel {
    <init>(android.app.Application);
}

# End of content from androidx.lifecycle:lifecycle-viewmodel:2.6.2 (extracted file: C:\Users\luizb\.gradle\caches\9.5.0\transforms\412d58a75f50f61657fe95b91079cb10\transformed\lifecycle-viewmodel-2.6.2\proguard.txt)
# The proguard configuration file for the following section is androidx.lifecycle:lifecycle-process:2.6.2 (extracted file: C:\Users\luizb\.gradle\caches\9.5.0\transforms\9dd138f7296d5360469f31067dbbbb56\transformed\jetified-lifecycle-process-2.6.2\proguard.txt)
# this rule is need to work properly when app is compiled with api 28, see b/142778206
-keepclassmembers class * extends androidx.lifecycle.EmptyActivityLifecycleCallbacks { *; }
# End of content from androidx.lifecycle:lifecycle-process:2.6.2 (extracted file: C:\Users\luizb\.gradle\caches\9.5.0\transforms\9dd138f7296d5360469f31067dbbbb56\transformed\jetified-lifecycle-process-2.6.2\proguard.txt)
# The proguard configuration file for the following section is androidx.lifecycle:lifecycle-runtime:2.6.2 (extracted file: C:\Users\luizb\.gradle\caches\9.5.0\transforms\e579d731db905a95368b19f7368ee0c7\transformed\lifecycle-runtime-2.6.2\proguard.txt)
-keepattributes AnnotationDefault,
                RuntimeVisibleAnnotations,
                RuntimeVisibleParameterAnnotations,
                RuntimeVisibleTypeAnnotations

-keepclassmembers enum androidx.lifecycle.Lifecycle$Event {
    <fields>;
}

-keep !interface * implements androidx.lifecycle.LifecycleObserver {
}

-keep class * implements androidx.lifecycle.GeneratedAdapter {
    <init>(...);
}

-keepclassmembers class ** {
    @androidx.lifecycle.OnLifecycleEvent *;
}

# this rule is need to work properly when app is compiled with api 28, see b/142778206
# Also this rule prevents registerIn from being inlined.
-keepclassmembers class androidx.lifecycle.ReportFragment$LifecycleCallbacks { *; }
# End of content from androidx.lifecycle:lifecycle-runtime:2.6.2 (extracted file: C:\Users\luizb\.gradle\caches\9.5.0\transforms\e579d731db905a95368b19f7368ee0c7\transformed\lifecycle-runtime-2.6.2\proguard.txt)
# The proguard configuration file for the following section is androidx.lifecycle:lifecycle-viewmodel-savedstate:2.6.2 (extracted file: C:\Users\luizb\.gradle\caches\9.5.0\transforms\23dbb9c8b94a373a814eb52c66b03afc\transformed\jetified-lifecycle-viewmodel-savedstate-2.6.2\proguard.txt)
-keepclassmembers,allowobfuscation class * extends androidx.lifecycle.ViewModel {
    <init>(androidx.lifecycle.SavedStateHandle);
}

-keepclassmembers,allowobfuscation class * extends androidx.lifecycle.AndroidViewModel {
    <init>(android.app.Application,androidx.lifecycle.SavedStateHandle);
}

# End of content from androidx.lifecycle:lifecycle-viewmodel-savedstate:2.6.2 (extracted file: C:\Users\luizb\.gradle\caches\9.5.0\transforms\23dbb9c8b94a373a814eb52c66b03afc\transformed\jetified-lifecycle-viewmodel-savedstate-2.6.2\proguard.txt)
# The proguard configuration file for the following section is androidx.savedstate:savedstate:1.2.1 (extracted file: C:\Users\luizb\.gradle\caches\9.5.0\transforms\9c968ac4e09baf0b214f674c2528ad2a\transformed\jetified-savedstate-1.2.1\proguard.txt)
# Copyright (C) 2019 The Android Open Source Project
#
# Licensed under the Apache License, Version 2.0 (the "License");
# you may not use this file except in compliance with the License.
# You may obtain a copy of the License at
#
#      http://www.apache.org/licenses/LICENSE-2.0
#
# Unless required by applicable law or agreed to in writing, software
# distributed under the License is distributed on an "AS IS" BASIS,
# WITHOUT WARRANTIES OR CONDITIONS OF ANY KIND, either express or implied.
# See the License for the specific language governing permissions and
# limitations under the License.

-keepclassmembers,allowobfuscation class * implements androidx.savedstate.SavedStateRegistry$AutoRecreated {
    <init>();
}

# End of content from androidx.savedstate:savedstate:1.2.1 (extracted file: C:\Users\luizb\.gradle\caches\9.5.0\transforms\9c968ac4e09baf0b214f674c2528ad2a\transformed\jetified-savedstate-1.2.1\proguard.txt)
# The proguard configuration file for the following section is androidx.navigationevent:navigationevent-android:1.0.0 (extracted file: C:\Users\luizb\.gradle\caches\9.5.0\transforms\7e83beeb7dc9d03a9afa4f26f9ff3a89\transformed\jetified-navigationevent\proguard.txt)
# Intentionally empty proguard rules to indicate this library is safe to shrink

# End of content from androidx.navigationevent:navigationevent-android:1.0.0 (extracted file: C:\Users\luizb\.gradle\caches\9.5.0\transforms\7e83beeb7dc9d03a9afa4f26f9ff3a89\transformed\jetified-navigationevent\proguard.txt)
# The proguard configuration file for the following section is androidx.core:core-viewtree:1.0.0 (extracted file: C:\Users\luizb\.gradle\caches\9.5.0\transforms\85279c97beeff2466491f2cf060ca25c\transformed\jetified-core-viewtree-1.0.0\proguard.txt)
# Intentionally empty proguard rules to indicate this library is safe to shrink

# End of content from androidx.core:core-viewtree:1.0.0 (extracted file: C:\Users\luizb\.gradle\caches\9.5.0\transforms\85279c97beeff2466491f2cf060ca25c\transformed\jetified-core-viewtree-1.0.0\proguard.txt)
# The proguard configuration file for the following section is org.jetbrains.kotlinx:kotlinx-coroutines-android:1.9.0 (extracted file: C:\Users\luizb\.gradle\caches\9.5.0\transforms\94b06c32f0b5edf68973372ccd362e0b\transformed\shrink-rules\lib\META-INF\com.android.tools\r8-from-1.6.0\coroutines.pro)
# Allow R8 to optimize away the FastServiceLoader.
# Together with ServiceLoader optimization in R8
# this results in direct instantiation when loading Dispatchers.Main
-assumenosideeffects class kotlinx.coroutines.internal.MainDispatcherLoader {
    boolean FAST_SERVICE_LOADER_ENABLED return false;
}

-assumenosideeffects class kotlinx.coroutines.internal.FastServiceLoaderKt {
    boolean ANDROID_DETECTED return true;
}

# Disable support for "Missing Main Dispatcher", since we always have Android main dispatcher
-assumenosideeffects class kotlinx.coroutines.internal.MainDispatchersKt {
    boolean SUPPORT_MISSING return false;
}

# Statically turn off all debugging facilities and assertions
-assumenosideeffects class kotlinx.coroutines.DebugKt {
    boolean getASSERTIONS_ENABLED() return false;
    boolean getDEBUG() return false;
    boolean getRECOVER_STACK_TRACES() return false;
}

# End of content from org.jetbrains.kotlinx:kotlinx-coroutines-android:1.9.0 (extracted file: C:\Users\luizb\.gradle\caches\9.5.0\transforms\94b06c32f0b5edf68973372ccd362e0b\transformed\shrink-rules\lib\META-INF\com.android.tools\r8-from-1.6.0\coroutines.pro)
# The proguard configuration file for the following section is org.jetbrains.kotlinx:kotlinx-coroutines-core-jvm:1.9.0 (extracted file: C:\Users\luizb\.gradle\caches\9.5.0\transforms\9fd4abedce32fa324339fea87903e442\transformed\shrink-rules\lib\META-INF\com.android.tools\r8\coroutines.pro)
# When editing this file, update the following files as well:
# - META-INF/proguard/coroutines.pro
# - META-INF/com.android.tools/proguard/coroutines.pro

# Most of volatile fields are updated with AFU and should not be mangled
-keepclassmembers class kotlinx.coroutines.** {
    volatile <fields>;
}

# Same story for the standard library's SafeContinuation that also uses AtomicReferenceFieldUpdater
-keepclassmembers class kotlin.coroutines.SafeContinuation {
    volatile <fields>;
}

# These classes are only required by kotlinx.coroutines.debug.AgentPremain, which is only loaded when
# kotlinx-coroutines-core is used as a Java agent, so these are not needed in contexts where ProGuard is used.
-dontwarn java.lang.instrument.ClassFileTransformer
-dontwarn sun.misc.SignalHandler
-dontwarn java.lang.instrument.Instrumentation
-dontwarn sun.misc.Signal

# Only used in `kotlinx.coroutines.internal.ExceptionsConstructor`.
# The case when it is not available is hidden in a `try`-`catch`, as well as a check for Android.
-dontwarn java.lang.ClassValue

# An annotation used for build tooling, won't be directly accessed.
-dontwarn org.codehaus.mojo.animal_sniffer.IgnoreJRERequirement

# End of content from org.jetbrains.kotlinx:kotlinx-coroutines-core-jvm:1.9.0 (extracted file: C:\Users\luizb\.gradle\caches\9.5.0\transforms\9fd4abedce32fa324339fea87903e442\transformed\shrink-rules\lib\META-INF\com.android.tools\r8\coroutines.pro)
# The proguard configuration file for the following section is androidx.versionedparcelable:versionedparcelable:1.1.1 (extracted file: C:\Users\luizb\.gradle\caches\9.5.0\transforms\61f04de3803af6dc410b0119dba116cf\transformed\versionedparcelable-1.1.1\proguard.txt)
-keep class * implements androidx.versionedparcelable.VersionedParcelable