app/build/outputs/mapping/release/seeds.txt
com.example.dodger.MainActivity
com.example.dodger.MainActivity: MainActivity()
...
androidx.core.view.WindowInsetsCompat$BuilderImpl36: WindowInsetsCompat$BuilderImpl36(androidx.core.view.WindowInsetsCompat)
androidx.lifecycle.ProcessLifecycleOwner$attach$1$onActivityPreCreated$1: void onActivityPostResumed(android.app.Activity)
androidx.appcompat.view.menu.ActionMenuItemView: ActionMenuItemView(android.content.Context,android.util.AttributeSet)
androidx.fragment.app.SpecialEffectsController$Operation$LifecycleImpact: androidx.fragment.app.SpecialEffectsController$Operation$LifecycleImpact valueOf(java.lang.String)
androidx.core.view.WindowInsetsCompat$Impl: androidx.core.graphics.Insets getInsets(int)
androidx.appcompat.widget.Toolbar: java.lang.CharSequence getSubtitle()
androidx.lifecycle.ReportFragment$LifecycleCallbacks: void onActivityStarted(android.app.Activity)
androidx.appcompat.widget.AppCompatTextHelper$Api26Impl: void setAutoSizeTextTypeUniformWithPresetSizes(android.widget.TextView,int[],int)
androidx.appcompat.widget.AppCompatCheckBox: void setBackgroundResource(int)
androidx.appcompat.widget.AppCompatSpinner: int getDropDownVerticalOffset()
androidx.core.view.WindowInsetsCompat$Impl20: void copyWindowDataInto(androidx.core.view.WindowInsetsCompat)
androidx.core.view.WindowInsetsCompat$BuilderImpl: WindowInsetsCompat$BuilderImpl(androidx.core.view.WindowInsetsCompat)
androidx.core.view.WindowInsetsCompat$Impl21: boolean isConsumed()
androidx.appcompat.widget.AppCompatImageButton: void setSupportBackgroundTintMode(android.graphics.PorterDuff$Mode)
androidx.appcompat.widget.AppCompatImageButton: void setBackgroundResource(int)
androidx.vectordrawable.graphics.drawable.VectorDrawableCompat$VFullPath: void setStrokeWidth(float)
androidx.appcompat.widget.AppCompatToggleButton: void setFilters(android.text.InputFilter[])
androidx.emoji2.text.EmojiCompatInitializer: EmojiCompatInitializer()
androidx.lifecycle.ReportFragment: ReportFragment()
androidx.appcompat.widget.AppCompatCheckBox: void setSupportCompoundDrawablesTintMode(android.graphics.PorterDuff$Mode)
kotlinx.coroutines.android.AndroidExceptionPreHandler: AndroidExceptionPreHandler()
androidx.appcompat.widget.AppCompatCheckedTextView: android.graphics.PorterDuff$Mode getSupportBackgroundTintMode()
androidx.appcompat.widget.AppCompatTextViewAutoSizeHelper$Impl23: void computeAndSetTextDirection(android.text.StaticLayout$Builder,android.widget.TextView)
androidx.appcompat.widget.AppCompatSpinner: void setAdapter(android.widget.Adapter)
androidx.appcompat.widget.AppCompatEditText: android.content.res.ColorStateList getSupportBackgroundTintList()
androidx.appcompat.widget.Toolbar: void setOnMenuItemClickListener(androidx.appcompat.widget.Toolbar$OnMenuItemClickListener)
androidx.appcompat.widget.AppCompatTextView: android.view.ActionMode$Callback getCustomSelectionActionModeCallback()
androidx.appcompat.widget.Toolbar: void setNavigationIcon(android.graphics.drawable.Drawable)
androidx.appcompat.widget.AppCompatCheckedTextView: void setSupportCompoundDrawablesTintMode(android.graphics.PorterDuff$Mode)
androidx.activity.EdgeToEdgeApi23: void setUp(androidx.activity.SystemBarStyle,androidx.activity.SystemBarStyle,android.view.Window,android.view.View,boolean,boolean)
androidx.core.view.WindowInsetsCompat$Impl20: androidx.core.graphics.Insets getInsetsIgnoringVisibility(int)
androidx.core.view.WindowInsetsCompat$Impl29: androidx.core.graphics.Insets getMandatorySystemGestureInsets()
androidx.core.view.WindowInsetsCompat$Impl: androidx.core.view.WindowInsetsCompat consumeStableInsets()
androidx.appcompat.widget.Toolbar: int getContentInsetEnd()
android.support.v4.app.RemoteActionCompatParcelizer: void write(androidx.core.app.RemoteActionCompat,androidx.versionedparcelable.VersionedParcel)
androidx.appcompat.app.AppCompatDelegate$Api33Impl: void localeManagerSetApplicationLocales(java.lang.Object,android.os.LocaleList)
androidx.appcompat.widget.ContentFrameLayout: ContentFrameLayout(android.content.Context,android.util.AttributeSet)